{"level":"info","message":"✅ Redis connected","service":"billing-saas-api","timestamp":"2025-11-12 14:41:21:4121"}
{"level":"info","message":"✅ Database connection established","service":"billing-saas-api","timestamp":"2025-11-12 14:41:22:4122"}
{"level":"info","message":"Database connected successfully","service":"billing-saas-api","timestamp":"2025-11-12 14:41:22:4122"}
{"level":"info","message":"Server running on port 3001 in development mode","service":"billing-saas-api","timestamp":"2025-11-12 14:41:22:4122"}
{"level":"info","message":"✅ Redis connected","service":"billing-saas-api","timestamp":"2025-11-12 16:06:05:65"}
{"level":"info","message":"✅ Database connection established","service":"billing-saas-api","timestamp":"2025-11-12 16:06:06:66"}
{"level":"info","message":"Database connected successfully","service":"billing-saas-api","timestamp":"2025-11-12 16:06:06:66"}
{"level":"info","message":"Server running on port 3001 in development mode","service":"billing-saas-api","timestamp":"2025-11-12 16:06:06:66"}
{"level":"info","message":"✅ Redis connected","service":"billing-saas-api","timestamp":"2025-11-12 16:09:16:916"}
{"level":"info","message":"✅ Database connection established","service":"billing-saas-api","timestamp":"2025-11-12 16:09:16:916"}
{"level":"info","message":"Database connected successfully","service":"billing-saas-api","timestamp":"2025-11-12 16:09:16:916"}
{"level":"info","message":"Server running on port 3001 in development mode","service":"billing-saas-api","timestamp":"2025-11-12 16:09:16:916"}
{"level":"error","message":"Uncaught Exception ⨯ Unable to compile TypeScript:\n\u001b[96msrc/controllers/ProfessionalRequestController.ts\u001b[0m:\u001b[93m36\u001b[0m:\u001b[93m65\u001b[0m - \u001b[91merror\u001b[0m\u001b[90m TS2345: \u001b[0mArgument of type '{ id: string; email: string; role: string; tenantId: string; firstName: string; lastName: string; } | undefined' is not assignable to parameter of type 'User'.\r\n  Type 'undefined' is not assignable to type 'User'.\r\n\r\n\u001b[7m36\u001b[0m       const professionals = await this.service.getProfessionals(user);\r\n\u001b[7m  \u001b[0m \u001b[91m                                                                ~~~~\u001b[0m\r\n","service":"billing-saas-api","stack":"TSError: ⨯ Unable to compile TypeScript:\n\u001b[96msrc/controllers/ProfessionalRequestController.ts\u001b[0m:\u001b[93m36\u001b[0m:\u001b[93m65\u001b[0m - \u001b[91merror\u001b[0m\u001b[90m TS2345: \u001b[0mArgument of type '{ id: string; email: string; role: string; tenantId: string; firstName: string; lastName: string; } | undefined' is not assignable to parameter of type 'User'.\r\n  Type 'undefined' is not assignable to type 'User'.\r\n\r\n\u001b[7m36\u001b[0m       const professionals = await this.service.getProfessionals(user);\r\n\u001b[7m  \u001b[0m \u001b[91m                                                                ~~~~\u001b[0m\r\n\n    at createTSError (E:\\BillingSoftware\\node_modules\\ts-node\\src\\index.ts:859:12)\n    at reportTSError (E:\\BillingSoftware\\node_modules\\ts-node\\src\\index.ts:863:19)\n    at getOutput (E:\\BillingSoftware\\node_modules\\ts-node\\src\\index.ts:1077:36)\n    at Object.compile (E:\\BillingSoftware\\node_modules\\ts-node\\src\\index.ts:1433:41)\n    at Module.m._compile (E:\\BillingSoftware\\node_modules\\ts-node\\src\\index.ts:1617:30)\n    at node:internal/modules/cjs/loader:1895:10\n    at Object.require.extensions.<computed> [as .ts] (E:\\BillingSoftware\\node_modules\\ts-node\\src\\index.ts:1621:12)\n    at Module.load (node:internal/modules/cjs/loader:1465:32)\n    at Function._load (node:internal/modules/cjs/loader:1282:12)\n    at TracingChannel.traceSync (node:diagnostics_channel:322:14)\n    at wrapModuleLoad (node:internal/modules/cjs/loader:235:24)\n    at Module.require (node:internal/modules/cjs/loader:1487:12)\n    at require (node:internal/modules/helpers:135:16)\n    at Object.<anonymous> (E:\\BillingSoftware\\packages\\backend\\src\\routes\\professionalRequestRoutes.ts:2:1)\n    at Module._compile (node:internal/modules/cjs/loader:1730:14)\n    at Module.m._compile (E:\\BillingSoftware\\node_modules\\ts-node\\src\\index.ts:1618:23)","timestamp":"2025-11-12 16:12:40:1240"}
{"level":"info","message":"✅ Redis connected","service":"billing-saas-api","timestamp":"2025-11-12 16:12:40:1240"}
{"level":"error","message":"Uncaught Exception ⨯ Unable to compile TypeScript:\n\u001b[96msrc/controllers/ProfessionalRequestController.ts\u001b[0m:\u001b[93m36\u001b[0m:\u001b[93m65\u001b[0m - \u001b[91merror\u001b[0m\u001b[90m TS2345: \u001b[0mArgument of type '{ id: string; email: string; role: string; tenantId: string; firstName: string; lastName: string; } | undefined' is not assignable to parameter of type 'User'.\r\n  Type 'undefined' is not assignable to type 'User'.\r\n\r\n\u001b[7m36\u001b[0m       const professionals = await this.service.getProfessionals(user);\r\n\u001b[7m  \u001b[0m \u001b[91m                                                                ~~~~\u001b[0m\r\n","service":"billing-saas-api","stack":"TSError: ⨯ Unable to compile TypeScript:\n\u001b[96msrc/controllers/ProfessionalRequestController.ts\u001b[0m:\u001b[93m36\u001b[0m:\u001b[93m65\u001b[0m - \u001b[91merror\u001b[0m\u001b[90m TS2345: \u001b[0mArgument of type '{ id: string; email: string; role: string; tenantId: string; firstName: string; lastName: string; } | undefined' is not assignable to parameter of type 'User'.\r\n  Type 'undefined' is not assignable to type 'User'.\r\n\r\n\u001b[7m36\u001b[0m       const professionals = await this.service.getProfessionals(user);\r\n\u001b[7m  \u001b[0m \u001b[91m                                                                ~~~~\u001b[0m\r\n\n    at createTSError (E:\\BillingSoftware\\node_modules\\ts-node\\src\\index.ts:859:12)\n    at reportTSError (E:\\BillingSoftware\\node_modules\\ts-node\\src\\index.ts:863:19)\n    at getOutput (E:\\BillingSoftware\\node_modules\\ts-node\\src\\index.ts:1077:36)\n    at Object.compile (E:\\BillingSoftware\\node_modules\\ts-node\\src\\index.ts:1433:41)\n    at Module.m._compile (E:\\BillingSoftware\\node_modules\\ts-node\\src\\index.ts:1617:30)\n    at node:internal/modules/cjs/loader:1895:10\n    at Object.require.extensions.<computed> [as .ts] (E:\\BillingSoftware\\node_modules\\ts-node\\src\\index.ts:1621:12)\n    at Module.load (node:internal/modules/cjs/loader:1465:32)\n    at Function._load (node:internal/modules/cjs/loader:1282:12)\n    at TracingChannel.traceSync (node:diagnostics_channel:322:14)\n    at wrapModuleLoad (node:internal/modules/cjs/loader:235:24)\n    at Module.require (node:internal/modules/cjs/loader:1487:12)\n    at require (node:internal/modules/helpers:135:16)\n    at Object.<anonymous> (E:\\BillingSoftware\\packages\\backend\\src\\routes\\professionalRequestRoutes.ts:2:1)\n    at Module._compile (node:internal/modules/cjs/loader:1730:14)\n    at Module.m._compile (E:\\BillingSoftware\\node_modules\\ts-node\\src\\index.ts:1618:23)","timestamp":"2025-11-12 16:13:24:1324"}
{"level":"info","message":"✅ Redis connected","service":"billing-saas-api","timestamp":"2025-11-12 16:13:25:1325"}
{"level":"error","message":"Uncaught Exception ⨯ Unable to compile TypeScript:\n\u001b[96msrc/controllers/ProfessionalRequestController.ts\u001b[0m:\u001b[93m36\u001b[0m:\u001b[93m65\u001b[0m - \u001b[91merror\u001b[0m\u001b[90m TS2345: \u001b[0mArgument of type '{ id: string; email: string; role: string; tenantId: string; firstName: string; lastName: string; } | undefined' is not assignable to parameter of type 'User'.\r\n  Type 'undefined' is not assignable to type 'User'.\r\n\r\n\u001b[7m36\u001b[0m       const professionals = await this.service.getProfessionals(user);\r\n\u001b[7m  \u001b[0m \u001b[91m                                                                ~~~~\u001b[0m\r\n","service":"billing-saas-api","stack":"TSError: ⨯ Unable to compile TypeScript:\n\u001b[96msrc/controllers/ProfessionalRequestController.ts\u001b[0m:\u001b[93m36\u001b[0m:\u001b[93m65\u001b[0m - \u001b[91merror\u001b[0m\u001b[90m TS2345: \u001b[0mArgument of type '{ id: string; email: string; role: string; tenantId: string; firstName: string; lastName: string; } | undefined' is not assignable to parameter of type 'User'.\r\n  Type 'undefined' is not assignable to type 'User'.\r\n\r\n\u001b[7m36\u001b[0m       const professionals = await this.service.getProfessionals(user);\r\n\u001b[7m  \u001b[0m \u001b[91m                                                                ~~~~\u001b[0m\r\n\n    at createTSError (E:\\BillingSoftware\\node_modules\\ts-node\\src\\index.ts:859:12)\n    at reportTSError (E:\\BillingSoftware\\node_modules\\ts-node\\src\\index.ts:863:19)\n    at getOutput (E:\\BillingSoftware\\node_modules\\ts-node\\src\\index.ts:1077:36)\n    at Object.compile (E:\\BillingSoftware\\node_modules\\ts-node\\src\\index.ts:1433:41)\n    at Module.m._compile (E:\\BillingSoftware\\node_modules\\ts-node\\src\\index.ts:1617:30)\n    at node:internal/modules/cjs/loader:1895:10\n    at Object.require.extensions.<computed> [as .ts] (E:\\BillingSoftware\\node_modules\\ts-node\\src\\index.ts:1621:12)\n    at Module.load (node:internal/modules/cjs/loader:1465:32)\n    at Function._load (node:internal/modules/cjs/loader:1282:12)\n    at TracingChannel.traceSync (node:diagnostics_channel:322:14)\n    at wrapModuleLoad (node:internal/modules/cjs/loader:235:24)\n    at Module.require (node:internal/modules/cjs/loader:1487:12)\n    at require (node:internal/modules/helpers:135:16)\n    at Object.<anonymous> (E:\\BillingSoftware\\packages\\backend\\src\\routes\\professionalRequestRoutes.ts:2:1)\n    at Module._compile (node:internal/modules/cjs/loader:1730:14)\n    at Module.m._compile (E:\\BillingSoftware\\node_modules\\ts-node\\src\\index.ts:1618:23)","timestamp":"2025-11-12 16:15:58:1558"}
{"level":"info","message":"✅ Redis connected","service":"billing-saas-api","timestamp":"2025-11-12 16:15:58:1558"}
{"level":"error","message":"Uncaught Exception ⨯ Unable to compile TypeScript:\n\u001b[96msrc/controllers/ProfessionalRequestController.ts\u001b[0m:\u001b[93m38\u001b[0m:\u001b[93m63\u001b[0m - \u001b[91merror\u001b[0m\u001b[90m TS2345: \u001b[0mArgument of type '{ id: string; email: string; role: string; tenantId: string; firstName: string; lastName: string; }' is not assignable to parameter of type 'User'.\r\n  Type '{ id: string; email: string; role: string; tenantId: string; firstName: string; lastName: string; }' is missing the following properties from type 'User': password, status, pushToken, biometricEnabled, and 15 more.\r\n\r\n\u001b[7m38\u001b[0m     const professionals = await this.service.getProfessionals(user);\r\n\u001b[7m  \u001b[0m \u001b[91m                                                              ~~~~\u001b[0m\r\n","service":"billing-saas-api","stack":"TSError: ⨯ Unable to compile TypeScript:\n\u001b[96msrc/controllers/ProfessionalRequestController.ts\u001b[0m:\u001b[93m38\u001b[0m:\u001b[93m63\u001b[0m - \u001b[91merror\u001b[0m\u001b[90m TS2345: \u001b[0mArgument of type '{ id: string; email: string; role: string; tenantId: string; firstName: string; lastName: string; }' is not assignable to parameter of type 'User'.\r\n  Type '{ id: string; email: string; role: string; tenantId: string; firstName: string; lastName: string; }' is missing the following properties from type 'User': password, status, pushToken, biometricEnabled, and 15 more.\r\n\r\n\u001b[7m38\u001b[0m     const professionals = await this.service.getProfessionals(user);\r\n\u001b[7m  \u001b[0m \u001b[91m                                                              ~~~~\u001b[0m\r\n\n    at createTSError (E:\\BillingSoftware\\node_modules\\ts-node\\src\\index.ts:859:12)\n    at reportTSError (E:\\BillingSoftware\\node_modules\\ts-node\\src\\index.ts:863:19)\n    at getOutput (E:\\BillingSoftware\\node_modules\\ts-node\\src\\index.ts:1077:36)\n    at Object.compile (E:\\BillingSoftware\\node_modules\\ts-node\\src\\index.ts:1433:41)\n    at Module.m._compile (E:\\BillingSoftware\\node_modules\\ts-node\\src\\index.ts:1617:30)\n    at node:internal/modules/cjs/loader:1895:10\n    at Object.require.extensions.<computed> [as .ts] (E:\\BillingSoftware\\node_modules\\ts-node\\src\\index.ts:1621:12)\n    at Module.load (node:internal/modules/cjs/loader:1465:32)\n    at Function._load (node:internal/modules/cjs/loader:1282:12)\n    at TracingChannel.traceSync (node:diagnostics_channel:322:14)\n    at wrapModuleLoad (node:internal/modules/cjs/loader:235:24)\n    at Module.require (node:internal/modules/cjs/loader:1487:12)\n    at require (node:internal/modules/helpers:135:16)\n    at Object.<anonymous> (E:\\BillingSoftware\\packages\\backend\\src\\routes\\professionalRequestRoutes.ts:2:1)\n    at Module._compile (node:internal/modules/cjs/loader:1730:14)\n    at Module.m._compile (E:\\BillingSoftware\\node_modules\\ts-node\\src\\index.ts:1618:23)","timestamp":"2025-11-12 16:17:01:171"}
{"level":"info","message":"✅ Redis connected","service":"billing-saas-api","timestamp":"2025-11-12 16:17:01:171"}
{"level":"info","message":"✅ Redis connected","service":"billing-saas-api","timestamp":"2025-11-12 16:20:29:2029"}
{"level":"info","message":"✅ Database connection established","service":"billing-saas-api","timestamp":"2025-11-12 16:20:29:2029"}
{"level":"info","message":"Database connected successfully","service":"billing-saas-api","timestamp":"2025-11-12 16:20:29:2029"}
{"level":"info","message":"Server running on port 3001 in development mode","service":"billing-saas-api","timestamp":"2025-11-12 16:20:29:2029"}
{"level":"info","message":"✅ Redis connected","service":"billing-saas-api","timestamp":"2025-11-12 16:26:53:2653"}
{"level":"info","message":"✅ Database connection established","service":"billing-saas-api","timestamp":"2025-11-12 16:26:54:2654"}
{"level":"info","message":"Database connected successfully","service":"billing-saas-api","timestamp":"2025-11-12 16:26:54:2654"}
{"level":"info","message":"Server running on port 3001 in development mode","service":"billing-saas-api","timestamp":"2025-11-12 16:26:54:2654"}
{"level":"info","message":"✅ Redis connected","service":"billing-saas-api","timestamp":"2025-11-12 16:37:10:3710"}
{"level":"info","message":"✅ Database connection established","service":"billing-saas-api","timestamp":"2025-11-12 16:37:11:3711"}
{"level":"info","message":"Database connected successfully","service":"billing-saas-api","timestamp":"2025-11-12 16:37:11:3711"}
{"level":"info","message":"Server running on port 3001 in development mode","service":"billing-saas-api","timestamp":"2025-11-12 16:37:11:3711"}
{"level":"info","message":"✅ Redis connected","service":"billing-saas-api","timestamp":"2025-11-12 16:39:45:3945"}
{"level":"info","message":"✅ Database connection established","service":"billing-saas-api","timestamp":"2025-11-12 16:39:46:3946"}
{"level":"info","message":"Database connected successfully","service":"billing-saas-api","timestamp":"2025-11-12 16:39:46:3946"}
{"level":"info","message":"Server running on port 3001 in development mode","service":"billing-saas-api","timestamp":"2025-11-12 16:39:46:3946"}
{"level":"info","message":"✅ Redis connected","service":"billing-saas-api","timestamp":"2025-11-12 16:41:57:4157"}
{"level":"info","message":"✅ Database connection established","service":"billing-saas-api","timestamp":"2025-11-12 16:41:58:4158"}
{"level":"info","message":"Database connected successfully","service":"billing-saas-api","timestamp":"2025-11-12 16:41:58:4158"}
{"level":"info","message":"Server running on port 3001 in development mode","service":"billing-saas-api","timestamp":"2025-11-12 16:41:58:4158"}
{"level":"info","message":"✅ Redis connected","service":"billing-saas-api","timestamp":"2025-11-12 16:49:20:4920"}
{"level":"info","message":"✅ Database connection established","service":"billing-saas-api","timestamp":"2025-11-12 16:49:21:4921"}
{"level":"info","message":"Database connected successfully","service":"billing-saas-api","timestamp":"2025-11-12 16:49:21:4921"}
{"level":"info","message":"Server running on port 3001 in development mode","service":"billing-saas-api","timestamp":"2025-11-12 16:49:21:4921"}
{"level":"info","message":"✅ Redis connected","service":"billing-saas-api","timestamp":"2025-11-12 16:54:33:5433"}
{"level":"info","message":"✅ Database connection established","service":"billing-saas-api","timestamp":"2025-11-12 16:54:34:5434"}
{"level":"info","message":"Database connected successfully","service":"billing-saas-api","timestamp":"2025-11-12 16:54:34:5434"}
{"level":"info","message":"Server running on port 3001 in development mode","service":"billing-saas-api","timestamp":"2025-11-12 16:54:34:5434"}
{"level":"info","message":"✅ Redis connected","service":"billing-saas-api","timestamp":"2025-11-12 16:57:15:5715"}
{"level":"info","message":"✅ Database connection established","service":"billing-saas-api","timestamp":"2025-11-12 16:57:16:5716"}
{"level":"info","message":"Database connected successfully","service":"billing-saas-api","timestamp":"2025-11-12 16:57:16:5716"}
{"level":"info","message":"Server running on port 3001 in development mode","service":"billing-saas-api","timestamp":"2025-11-12 16:57:16:5716"}
{"level":"info","message":"✅ Redis connected","service":"billing-saas-api","timestamp":"2025-11-12 17:08:00:80"}
{"level":"info","message":"✅ Database connection established","service":"billing-saas-api","timestamp":"2025-11-12 17:08:01:81"}
{"level":"info","message":"Database connected successfully","service":"billing-saas-api","timestamp":"2025-11-12 17:08:01:81"}
{"level":"info","message":"Server running on port 3001 in development mode","service":"billing-saas-api","timestamp":"2025-11-12 17:08:01:81"}
{"level":"info","message":"✅ Redis connected","service":"billing-saas-api","timestamp":"2025-11-12 17:09:13:913"}
{"level":"info","message":"✅ Database connection established","service":"billing-saas-api","timestamp":"2025-11-12 17:09:14:914"}
{"level":"info","message":"Database connected successfully","service":"billing-saas-api","timestamp":"2025-11-12 17:09:14:914"}
{"level":"info","message":"Server running on port 3001 in development mode","service":"billing-saas-api","timestamp":"2025-11-12 17:09:14:914"}
{"level":"info","message":"✅ Redis connected","service":"billing-saas-api","timestamp":"2025-11-12 17:10:12:1012"}
{"level":"info","message":"✅ Database connection established","service":"billing-saas-api","timestamp":"2025-11-12 17:10:12:1012"}
{"level":"info","message":"Database connected successfully","service":"billing-saas-api","timestamp":"2025-11-12 17:10:12:1012"}
{"level":"info","message":"Server running on port 3001 in development mode","service":"billing-saas-api","timestamp":"2025-11-12 17:10:12:1012"}
{"level":"info","message":"✅ Redis connected","service":"billing-saas-api","timestamp":"2025-11-12 17:11:51:1151"}
{"level":"info","message":"✅ Database connection established","service":"billing-saas-api","timestamp":"2025-11-12 17:11:52:1152"}
{"level":"info","message":"Database connected successfully","service":"billing-saas-api","timestamp":"2025-11-12 17:11:52:1152"}
{"level":"info","message":"Server running on port 3001 in development mode","service":"billing-saas-api","timestamp":"2025-11-12 17:11:52:1152"}
{"level":"info","message":"✅ Redis connected","service":"billing-saas-api","timestamp":"2025-11-12 17:13:40:1340"}
{"level":"info","message":"✅ Database connection established","service":"billing-saas-api","timestamp":"2025-11-12 17:13:41:1341"}
{"level":"info","message":"Database connected successfully","service":"billing-saas-api","timestamp":"2025-11-12 17:13:41:1341"}
{"level":"info","message":"Server running on port 3001 in development mode","service":"billing-saas-api","timestamp":"2025-11-12 17:13:41:1341"}
{"level":"info","message":"✅ Redis connected","service":"billing-saas-api","timestamp":"2025-11-12 17:17:07:177"}
{"level":"info","message":"✅ Database connection established","service":"billing-saas-api","timestamp":"2025-11-12 17:17:08:178"}
{"level":"info","message":"Database connected successfully","service":"billing-saas-api","timestamp":"2025-11-12 17:17:08:178"}
{"level":"info","message":"Server running on port 3001 in development mode","service":"billing-saas-api","timestamp":"2025-11-12 17:17:08:178"}
{"level":"info","message":"✅ Redis connected","service":"billing-saas-api","timestamp":"2025-11-12 17:18:15:1815"}
{"level":"info","message":"✅ Database connection established","service":"billing-saas-api","timestamp":"2025-11-12 17:18:15:1815"}
{"level":"info","message":"Database connected successfully","service":"billing-saas-api","timestamp":"2025-11-12 17:18:15:1815"}
{"level":"info","message":"Server running on port 3001 in development mode","service":"billing-saas-api","timestamp":"2025-11-12 17:18:15:1815"}
{"level":"info","message":"✅ Redis connected","service":"billing-saas-api","timestamp":"2025-11-12 17:42:00:420"}
{"level":"info","message":"✅ Database connection established","service":"billing-saas-api","timestamp":"2025-11-12 17:42:00:420"}
{"level":"info","message":"Database connected successfully","service":"billing-saas-api","timestamp":"2025-11-12 17:42:00:420"}
{"level":"info","message":"Server running on port 3001 in development mode","service":"billing-saas-api","timestamp":"2025-11-12 17:42:00:420"}
